<?xml version="1.0" encoding="UTF-8"?>
<testng-results ignored="0" total="2" passed="2" failed="0" skipped="0">
  <reporter-output>
  </reporter-output>
  <suite started-at="2021-12-28T03:02:57 EST" name="Default suite" finished-at="2021-12-28T03:03:03 EST" duration-ms="5185">
    <groups>
    </groups>
    <test started-at="2021-12-28T03:02:57 EST" name="Default test" finished-at="2021-12-28T03:03:03 EST" duration-ms="5185">
      <class name="BasePageTestSetup.BaseTest">
        <test-method is-config="true" signature="DriverSetting()[pri:0, instance:BasePageTestSetup.BaseTest@29626d54]" started-at="2021-12-28T03:02:57 EST" name="DriverSetting" finished-at="2021-12-28T03:03:01 EST" duration-ms="4015" status="PASS">
          <reporter-output>
          </reporter-output>
        </test-method> <!-- DriverSetting -->
        <test-method signature="click()[pri:0, instance:BasePageTestSetup.BaseTest@29626d54]" started-at="2021-12-28T03:03:01 EST" name="click" finished-at="2021-12-28T03:03:02 EST" duration-ms="1000" status="PASS">
          <reporter-output>
          </reporter-output>
        </test-method> <!-- click -->
        <test-method signature="teardown()[pri:0, instance:BasePageTestSetup.BaseTest@29626d54]" started-at="2021-12-28T03:03:02 EST" name="teardown" finished-at="2021-12-28T03:03:03 EST" duration-ms="134" status="PASS">
          <reporter-output>
          </reporter-output>
        </test-method> <!-- teardown -->
      </class> <!-- BasePageTestSetup.BaseTest -->
    </test> <!-- Default test -->
  </suite> <!-- Default suite -->
</testng-results>
