<?xml version="1.0" encoding="UTF-8"?>
<testng-results ignored="0" total="2" passed="2" failed="0" skipped="0">
  <reporter-output>
  </reporter-output>
  <suite started-at="2021-12-28T03:04:34 EST" name="Surefire suite" finished-at="2021-12-28T03:04:42 EST" duration-ms="7998">
    <groups>
    </groups>
    <test started-at="2021-12-28T03:04:34 EST" name="Surefire test" finished-at="2021-12-28T03:04:42 EST" duration-ms="7998">
      <class name="BasePageTestSetup.BaseTest">
        <test-method is-config="true" signature="DriverSetting()[pri:0, instance:BasePageTestSetup.BaseTest@6b53e23f]" started-at="2021-12-28T03:04:34 EST" name="DriverSetting" finished-at="2021-12-28T03:04:38 EST" duration-ms="3639" status="PASS">
          <reporter-output>
          </reporter-output>
        </test-method> <!-- DriverSetting -->
        <test-method signature="click()[pri:0, instance:BasePageTestSetup.BaseTest@6b53e23f]" started-at="2021-12-28T03:04:38 EST" name="click" finished-at="2021-12-28T03:04:38 EST" duration-ms="184" status="PASS">
          <reporter-output>
          </reporter-output>
        </test-method> <!-- click -->
        <test-method signature="teardown()[pri:0, instance:BasePageTestSetup.BaseTest@6b53e23f]" started-at="2021-12-28T03:04:38 EST" name="teardown" finished-at="2021-12-28T03:04:42 EST" duration-ms="4135" status="PASS">
          <reporter-output>
          </reporter-output>
        </test-method> <!-- teardown -->
      </class> <!-- BasePageTestSetup.BaseTest -->
    </test> <!-- Surefire test -->
  </suite> <!-- Surefire suite -->
</testng-results>
